0 verbose cli /usr/bin/node /usr/bin/npm
1 info using npm@11.11.1
2 info using node@v25.7.0
3 silly config load:file:/usr/lib/node_modules/npm/npmrc
4 silly config load:file:/home/chris/Documents/GitHub/mldc/packaging/cachyos/src/mldc-0.1.0/.npmrc
5 silly config load:file:/home/chris/.npmrc
6 silly config load:file:/etc/npmrc
7 verbose title npm ci
8 verbose argv "ci"
9 verbose logfile logs-max:10 dir:/home/chris/Documents/GitHub/mldc/packaging/cachyos/src/npm-cache/_logs/2026-04-09T12_50_31_362Z-
10 verbose logfile /home/chris/Documents/GitHub/mldc/packaging/cachyos/src/npm-cache/_logs/2026-04-09T12_50_31_362Z-debug-0.log
11 silly logfile done cleaning log files
12 silly packumentCache heap:4496293888 maxSize:1124073472 maxEntrySize:562036736
13 silly packumentCache heap:4496293888 maxSize:1124073472 maxEntrySize:562036736
14 silly idealTree buildDeps
15 silly reify moves {}
16 silly audit bulk request {
16 silly audit   '@babel/code-frame': [ '7.29.0' ],
16 silly audit   '@babel/compat-data': [ '7.29.0' ],
16 silly audit   '@babel/core': [ '7.29.0' ],
16 silly audit   '@babel/generator': [ '7.29.1' ],
16 silly audit   '@babel/helper-compilation-targets': [ '7.28.6' ],
16 silly audit   '@babel/helper-globals': [ '7.28.0' ],
16 silly audit   '@babel/helper-module-imports': [ '7.28.6' ],
16 silly audit   '@babel/helper-module-transforms': [ '7.28.6' ],
16 silly audit   '@babel/helper-plugin-utils': [ '7.28.6' ],
16 silly audit   '@babel/helper-string-parser': [ '7.27.1' ],
16 silly audit   '@babel/helper-validator-identifier': [ '7.28.5' ],
16 silly audit   '@babel/helper-validator-option': [ '7.27.1' ],
16 silly audit   '@babel/helpers': [ '7.29.2' ],
16 silly audit   '@babel/parser': [ '7.29.2' ],
16 silly audit   '@babel/plugin-transform-react-jsx-self': [ '7.27.1' ],
16 silly audit   '@babel/plugin-transform-react-jsx-source': [ '7.27.1' ],
16 silly audit   '@babel/template': [ '7.28.6' ],
16 silly audit   '@babel/traverse': [ '7.29.0' ],
16 silly audit   '@babel/types': [ '7.29.0' ],
16 silly audit   '@esbuild/aix-ppc64': [ '0.27.7' ],
16 silly audit   '@esbuild/android-arm': [ '0.27.7' ],
16 silly audit   '@esbuild/android-arm64': [ '0.27.7' ],
16 silly audit   '@esbuild/android-x64': [ '0.27.7' ],
16 silly audit   '@esbuild/darwin-arm64': [ '0.27.7' ],
16 silly audit   '@esbuild/darwin-x64': [ '0.27.7' ],
16 silly audit   '@esbuild/freebsd-arm64': [ '0.27.7' ],
16 silly audit   '@esbuild/freebsd-x64': [ '0.27.7' ],
16 silly audit   '@esbuild/linux-arm': [ '0.27.7' ],
16 silly audit   '@esbuild/linux-arm64': [ '0.27.7' ],
16 silly audit   '@esbuild/linux-ia32': [ '0.27.7' ],
16 silly audit   '@esbuild/linux-loong64': [ '0.27.7' ],
16 silly audit   '@esbuild/linux-mips64el': [ '0.27.7' ],
16 silly audit   '@esbuild/linux-ppc64': [ '0.27.7' ],
16 silly audit   '@esbuild/linux-riscv64': [ '0.27.7' ],
16 silly audit   '@esbuild/linux-s390x': [ '0.27.7' ],
16 silly audit   '@esbuild/linux-x64': [ '0.27.7' ],
16 silly audit   '@esbuild/netbsd-arm64': [ '0.27.7' ],
16 silly audit   '@esbuild/netbsd-x64': [ '0.27.7' ],
16 silly audit   '@esbuild/openbsd-arm64': [ '0.27.7' ],
16 silly audit   '@esbuild/openbsd-x64': [ '0.27.7' ],
16 silly audit   '@esbuild/openharmony-arm64': [ '0.27.7' ],
16 silly audit   '@esbuild/sunos-x64': [ '0.27.7' ],
16 silly audit   '@esbuild/win32-arm64': [ '0.27.7' ],
16 silly audit   '@esbuild/win32-ia32': [ '0.27.7' ],
16 silly audit   '@esbuild/win32-x64': [ '0.27.7' ],
16 silly audit   '@jridgewell/gen-mapping': [ '0.3.13' ],
16 silly audit   '@jridgewell/remapping': [ '2.3.5' ],
16 silly audit   '@jridgewell/resolve-uri': [ '3.1.2' ],
16 silly audit   '@jridgewell/sourcemap-codec': [ '1.5.5' ],
16 silly audit   '@jridgewell/trace-mapping': [ '0.3.31' ],
16 silly audit   '@rolldown/pluginutils': [ '1.0.0-rc.3' ],
16 silly audit   '@rollup/rollup-android-arm-eabi': [ '4.60.1' ],
16 silly audit   '@rollup/rollup-android-arm64': [ '4.60.1' ],
16 silly audit   '@rollup/rollup-darwin-arm64': [ '4.60.1' ],
16 silly audit   '@rollup/rollup-darwin-x64': [ '4.60.1' ],
16 silly audit   '@rollup/rollup-freebsd-arm64': [ '4.60.1' ],
16 silly audit   '@rollup/rollup-freebsd-x64': [ '4.60.1' ],
16 silly audit   '@rollup/rollup-linux-arm-gnueabihf': [ '4.60.1' ],
16 silly audit   '@rollup/rollup-linux-arm-musleabihf': [ '4.60.1' ],
16 silly audit   '@rollup/rollup-linux-arm64-gnu': [ '4.60.1' ],
16 silly audit   '@rollup/rollup-linux-arm64-musl': [ '4.60.1' ],
16 silly audit   '@rollup/rollup-linux-loong64-gnu': [ '4.60.1' ],
16 silly audit   '@rollup/rollup-linux-loong64-musl': [ '4.60.1' ],
16 silly audit   '@rollup/rollup-linux-ppc64-gnu': [ '4.60.1' ],
16 silly audit   '@rollup/rollup-linux-ppc64-musl': [ '4.60.1' ],
16 silly audit   '@rollup/rollup-linux-riscv64-gnu': [ '4.60.1' ],
16 silly audit   '@rollup/rollup-linux-riscv64-musl': [ '4.60.1' ],
16 silly audit   '@rollup/rollup-linux-s390x-gnu': [ '4.60.1' ],
16 silly audit   '@rollup/rollup-linux-x64-gnu': [ '4.60.1' ],
16 silly audit   '@rollup/rollup-linux-x64-musl': [ '4.60.1' ],
16 silly audit   '@rollup/rollup-openbsd-x64': [ '4.60.1' ],
16 silly audit   '@rollup/rollup-openharmony-arm64': [ '4.60.1' ],
16 silly audit   '@rollup/rollup-win32-arm64-msvc': [ '4.60.1' ],
16 silly audit   '@rollup/rollup-win32-ia32-msvc': [ '4.60.1' ],
16 silly audit   '@rollup/rollup-win32-x64-gnu': [ '4.60.1' ],
16 silly audit   '@rollup/rollup-win32-x64-msvc': [ '4.60.1' ],
16 silly audit   '@tailwindcss/node': [ '4.2.2' ],
16 silly audit   '@tailwindcss/oxide': [ '4.2.2' ],
16 silly audit   '@tailwindcss/oxide-android-arm64': [ '4.2.2' ],
16 silly audit   '@tailwindcss/oxide-darwin-arm64': [ '4.2.2' ],
16 silly audit   '@tailwindcss/oxide-darwin-x64': [ '4.2.2' ],
16 silly audit   '@tailwindcss/oxide-freebsd-x64': [ '4.2.2' ],
16 silly audit   '@tailwindcss/oxide-linux-arm-gnueabihf': [ '4.2.2' ],
16 silly audit   '@tailwindcss/oxide-linux-arm64-gnu': [ '4.2.2' ],
16 silly audit   '@tailwindcss/oxide-linux-arm64-musl': [ '4.2.2' ],
16 silly audit   '@tailwindcss/oxide-linux-x64-gnu': [ '4.2.2' ],
16 silly audit   '@tailwindcss/oxide-linux-x64-musl': [ '4.2.2' ],
16 silly audit   '@tailwindcss/oxide-wasm32-wasi': [ '4.2.2' ],
16 silly audit   '@tailwindcss/oxide-win32-arm64-msvc': [ '4.2.2' ],
16 silly audit   '@tailwindcss/oxide-win32-x64-msvc': [ '4.2.2' ],
16 silly audit   '@tailwindcss/vite': [ '4.2.2' ],
16 silly audit   '@tauri-apps/api': [ '2.10.1' ],
16 silly audit   '@tauri-apps/cli': [ '2.10.1' ],
16 silly audit   '@tauri-apps/cli-darwin-arm64': [ '2.10.1' ],
16 silly audit   '@tauri-apps/cli-darwin-x64': [ '2.10.1' ],
16 silly audit   '@tauri-apps/cli-linux-arm-gnueabihf': [ '2.10.1' ],
16 silly audit   '@tauri-apps/cli-linux-arm64-gnu': [ '2.10.1' ],
16 silly audit   '@tauri-apps/cli-linux-arm64-musl': [ '2.10.1' ],
16 silly audit   '@tauri-apps/cli-linux-riscv64-gnu': [ '2.10.1' ],
16 silly audit   '@tauri-apps/cli-linux-x64-gnu': [ '2.10.1' ],
16 silly audit   '@tauri-apps/cli-linux-x64-musl': [ '2.10.1' ],
16 silly audit   '@tauri-apps/cli-win32-arm64-msvc': [ '2.10.1' ],
16 silly audit   '@tauri-apps/cli-win32-ia32-msvc': [ '2.10.1' ],
16 silly audit   '@tauri-apps/cli-win32-x64-msvc': [ '2.10.1' ],
16 silly audit   '@types/babel__core': [ '7.20.5' ],
16 silly audit   '@types/babel__generator': [ '7.27.0' ],
16 silly audit   '@types/babel__template': [ '7.4.4' ],
16 silly audit   '@types/babel__traverse': [ '7.28.0' ],
16 silly audit   '@types/estree': [ '1.0.8' ],
16 silly audit   '@types/react': [ '19.2.14' ],
16 silly audit   '@types/react-dom': [ '19.2.3' ],
16 silly audit   '@vitejs/plugin-react': [ '5.2.0' ],
16 silly audit   'baseline-browser-mapping': [ '2.10.16' ],
16 silly audit   browserslist: [ '4.28.2' ],
16 silly audit   'caniuse-lite': [ '1.0.30001787' ],
16 silly audit   clsx: [ '2.1.1' ],
16 silly audit   'convert-source-map': [ '2.0.0' ],
16 silly audit   csstype: [ '3.2.3' ],
16 silly audit   debug: [ '4.4.3' ],
16 silly audit   'detect-libc': [ '2.1.2' ],
16 silly audit   'electron-to-chromium': [ '1.5.334' ],
16 silly audit   'enhanced-resolve': [ '5.20.1' ],
16 silly audit   esbuild: [ '0.27.7' ],
16 silly audit   escalade: [ '3.2.0' ],
16 silly audit   fdir: [ '6.5.0' ],
16 silly audit   'framer-motion': [ '12.38.0' ],
16 silly audit   fsevents: [ '2.3.3' ],
16 silly audit   gensync: [ '1.0.0-beta.2' ],
16 silly audit   'graceful-fs': [ '4.2.11' ],
16 silly audit   jiti: [ '2.6.1' ],
16 silly audit   'js-tokens': [ '4.0.0' ],
16 silly audit   jsesc: [ '3.1.0' ],
16 silly audit   json5: [ '2.2.3' ],
16 silly audit   lightningcss: [ '1.32.0' ],
16 silly audit   'lightningcss-android-arm64': [ '1.32.0' ],
16 silly audit   'lightningcss-darwin-arm64': [ '1.32.0' ],
16 silly audit   'lightningcss-darwin-x64': [ '1.32.0' ],
16 silly audit   'lightningcss-freebsd-x64': [ '1.32.0' ],
16 silly audit   'lightningcss-linux-arm-gnueabihf': [ '1.32.0' ],
16 silly audit   'lightningcss-linux-arm64-gnu': [ '1.32.0' ],
16 silly audit   'lightningcss-linux-arm64-musl': [ '1.32.0' ],
16 silly audit   'lightningcss-linux-x64-gnu': [ '1.32.0' ],
16 silly audit   'lightningcss-linux-x64-musl': [ '1.32.0' ],
16 silly audit   'lightningcss-win32-arm64-msvc': [ '1.32.0' ],
16 silly audit   'lightningcss-win32-x64-msvc': [ '1.32.0' ],
16 silly audit   'lru-cache': [ '5.1.1' ],
16 silly audit   'magic-string': [ '0.30.21' ],
16 silly audit   'motion-dom': [ '12.38.0' ],
16 silly audit   'motion-utils': [ '12.36.0' ],
16 silly audit   ms: [ '2.1.3' ],
16 silly audit   nanoid: [ '3.3.11' ],
16 silly audit   'node-releases': [ '2.0.37' ],
16 silly audit   picocolors: [ '1.1.1' ],
16 silly audit   picomatch: [ '4.0.4' ],
16 silly audit   postcss: [ '8.5.9' ],
16 silly audit   react: [ '19.2.5' ],
16 silly audit   'react-dom': [ '19.2.5' ],
16 silly audit   'react-icons': [ '5.6.0' ],
16 silly audit   'react-refresh': [ '0.18.0' ],
16 silly audit   rollup: [ '4.60.1' ],
16 silly audit   scheduler: [ '0.27.0' ],
16 silly audit   semver: [ '6.3.1' ],
16 silly audit   'source-map-js': [ '1.2.1' ],
16 silly audit   tailwindcss: [ '4.2.2' ],
16 silly audit   tapable: [ '2.3.2' ],
16 silly audit   tinyglobby: [ '0.2.16' ],
16 silly audit   tslib: [ '2.8.1' ],
16 silly audit   typescript: [ '5.9.3' ],
16 silly audit   'update-browserslist-db': [ '1.2.3' ],
16 silly audit   vite: [ '7.3.2' ],
16 silly audit   yallist: [ '3.1.1' ]
16 silly audit }
17 http cache yallist@https://registry.npmjs.org/yallist/-/yallist-3.1.1.tgz 0ms (cache hit)
18 http cache vite@https://registry.npmjs.org/vite/-/vite-7.3.2.tgz 0ms (cache hit)
19 http cache update-browserslist-db@https://registry.npmjs.org/update-browserslist-db/-/update-browserslist-db-1.2.3.tgz 0ms (cache hit)
20 http cache typescript@https://registry.npmjs.org/typescript/-/typescript-5.9.3.tgz 0ms (cache hit)
21 http cache tslib@https://registry.npmjs.org/tslib/-/tslib-2.8.1.tgz 0ms (cache hit)
22 http cache tinyglobby@https://registry.npmjs.org/tinyglobby/-/tinyglobby-0.2.16.tgz 0ms (cache hit)
23 http cache tapable@https://registry.npmjs.org/tapable/-/tapable-2.3.2.tgz 0ms (cache hit)
24 http cache tailwindcss@https://registry.npmjs.org/tailwindcss/-/tailwindcss-4.2.2.tgz 0ms (cache hit)
25 http cache semver@https://registry.npmjs.org/semver/-/semver-6.3.1.tgz 0ms (cache hit)
26 http cache source-map-js@https://registry.npmjs.org/source-map-js/-/source-map-js-1.2.1.tgz 0ms (cache hit)
27 http cache scheduler@https://registry.npmjs.org/scheduler/-/scheduler-0.27.0.tgz 0ms (cache hit)
28 http cache rollup@https://registry.npmjs.org/rollup/-/rollup-4.60.1.tgz 0ms (cache hit)
29 http cache react-refresh@https://registry.npmjs.org/react-refresh/-/react-refresh-0.18.0.tgz 0ms (cache hit)
30 http cache react-icons@https://registry.npmjs.org/react-icons/-/react-icons-5.6.0.tgz 1ms (cache hit)
31 http cache react-dom@https://registry.npmjs.org/react-dom/-/react-dom-19.2.5.tgz 0ms (cache hit)
32 http cache react@https://registry.npmjs.org/react/-/react-19.2.5.tgz 0ms (cache hit)
33 http cache postcss@https://registry.npmjs.org/postcss/-/postcss-8.5.9.tgz 0ms (cache hit)
34 http cache picomatch@https://registry.npmjs.org/picomatch/-/picomatch-4.0.4.tgz 0ms (cache hit)
35 http cache picocolors@https://registry.npmjs.org/picocolors/-/picocolors-1.1.1.tgz 0ms (cache hit)
36 http cache node-releases@https://registry.npmjs.org/node-releases/-/node-releases-2.0.37.tgz 0ms (cache hit)
37 http cache nanoid@https://registry.npmjs.org/nanoid/-/nanoid-3.3.11.tgz 0ms (cache hit)
38 http cache motion-utils@https://registry.npmjs.org/motion-utils/-/motion-utils-12.36.0.tgz 0ms (cache hit)
39 http cache ms@https://registry.npmjs.org/ms/-/ms-2.1.3.tgz 0ms (cache hit)
40 http cache motion-dom@https://registry.npmjs.org/motion-dom/-/motion-dom-12.38.0.tgz 0ms (cache hit)
41 http cache lightningcss-linux-x64-gnu@https://registry.npmjs.org/lightningcss-linux-x64-gnu/-/lightningcss-linux-x64-gnu-1.32.0.tgz 0ms (cache hit)
42 http cache lru-cache@https://registry.npmjs.org/lru-cache/-/lru-cache-5.1.1.tgz 0ms (cache hit)
43 http cache magic-string@https://registry.npmjs.org/magic-string/-/magic-string-0.30.21.tgz 0ms (cache hit)
44 http cache lightningcss@https://registry.npmjs.org/lightningcss/-/lightningcss-1.32.0.tgz 0ms (cache hit)
45 http cache json5@https://registry.npmjs.org/json5/-/json5-2.2.3.tgz 0ms (cache hit)
46 http cache jsesc@https://registry.npmjs.org/jsesc/-/jsesc-3.1.0.tgz 0ms (cache hit)
47 http cache js-tokens@https://registry.npmjs.org/js-tokens/-/js-tokens-4.0.0.tgz 1ms (cache hit)
48 http cache jiti@https://registry.npmjs.org/jiti/-/jiti-2.6.1.tgz 0ms (cache hit)
49 http cache graceful-fs@https://registry.npmjs.org/graceful-fs/-/graceful-fs-4.2.11.tgz 0ms (cache hit)
50 http cache gensync@https://registry.npmjs.org/gensync/-/gensync-1.0.0-beta.2.tgz 0ms (cache hit)
51 http cache framer-motion@https://registry.npmjs.org/framer-motion/-/framer-motion-12.38.0.tgz 0ms (cache hit)
52 http cache fdir@https://registry.npmjs.org/fdir/-/fdir-6.5.0.tgz 0ms (cache hit)
53 http cache escalade@https://registry.npmjs.org/escalade/-/escalade-3.2.0.tgz 0ms (cache hit)
54 http cache esbuild@https://registry.npmjs.org/esbuild/-/esbuild-0.27.7.tgz 0ms (cache hit)
55 http cache enhanced-resolve@https://registry.npmjs.org/enhanced-resolve/-/enhanced-resolve-5.20.1.tgz 0ms (cache hit)
56 http cache electron-to-chromium@https://registry.npmjs.org/electron-to-chromium/-/electron-to-chromium-1.5.334.tgz 0ms (cache hit)
57 http cache detect-libc@https://registry.npmjs.org/detect-libc/-/detect-libc-2.1.2.tgz 0ms (cache hit)
58 http cache debug@https://registry.npmjs.org/debug/-/debug-4.4.3.tgz 0ms (cache hit)
59 http cache csstype@https://registry.npmjs.org/csstype/-/csstype-3.2.3.tgz 0ms (cache hit)
60 http cache clsx@https://registry.npmjs.org/clsx/-/clsx-2.1.1.tgz 0ms (cache hit)
61 http cache convert-source-map@https://registry.npmjs.org/convert-source-map/-/convert-source-map-2.0.0.tgz 0ms (cache hit)
62 http cache caniuse-lite@https://registry.npmjs.org/caniuse-lite/-/caniuse-lite-1.0.30001787.tgz 0ms (cache hit)
63 http cache browserslist@https://registry.npmjs.org/browserslist/-/browserslist-4.28.2.tgz 0ms (cache hit)
64 http cache @vitejs/plugin-react@https://registry.npmjs.org/@vitejs/plugin-react/-/plugin-react-5.2.0.tgz 0ms (cache hit)
65 http cache baseline-browser-mapping@https://registry.npmjs.org/baseline-browser-mapping/-/baseline-browser-mapping-2.10.16.tgz 0ms (cache hit)
66 http cache @types/react-dom@https://registry.npmjs.org/@types/react-dom/-/react-dom-19.2.3.tgz 0ms (cache hit)
67 http cache @types/react@https://registry.npmjs.org/@types/react/-/react-19.2.14.tgz 0ms (cache hit)
68 http cache @types/estree@https://registry.npmjs.org/@types/estree/-/estree-1.0.8.tgz 0ms (cache hit)
69 http cache @types/babel__traverse@https://registry.npmjs.org/@types/babel__traverse/-/babel__traverse-7.28.0.tgz 0ms (cache hit)
70 http cache @types/babel__template@https://registry.npmjs.org/@types/babel__template/-/babel__template-7.4.4.tgz 0ms (cache hit)
71 http cache @types/babel__generator@https://registry.npmjs.org/@types/babel__generator/-/babel__generator-7.27.0.tgz 0ms (cache hit)
72 http cache @types/babel__core@https://registry.npmjs.org/@types/babel__core/-/babel__core-7.20.5.tgz 0ms (cache hit)
73 http cache @tauri-apps/cli-linux-x64-gnu@https://registry.npmjs.org/@tauri-apps/cli-linux-x64-gnu/-/cli-linux-x64-gnu-2.10.1.tgz 0ms (cache hit)
74 http cache @tauri-apps/cli@https://registry.npmjs.org/@tauri-apps/cli/-/cli-2.10.1.tgz 0ms (cache hit)
75 http cache @tauri-apps/api@https://registry.npmjs.org/@tauri-apps/api/-/api-2.10.1.tgz 0ms (cache hit)
76 http cache @tailwindcss/vite@https://registry.npmjs.org/@tailwindcss/vite/-/vite-4.2.2.tgz 0ms (cache hit)
77 http cache @tailwindcss/oxide@https://registry.npmjs.org/@tailwindcss/oxide/-/oxide-4.2.2.tgz 0ms (cache hit)
78 http cache @tailwindcss/oxide-linux-x64-gnu@https://registry.npmjs.org/@tailwindcss/oxide-linux-x64-gnu/-/oxide-linux-x64-gnu-4.2.2.tgz 0ms (cache hit)
79 http cache @tailwindcss/node@https://registry.npmjs.org/@tailwindcss/node/-/node-4.2.2.tgz 0ms (cache hit)
80 http cache @rollup/rollup-linux-x64-gnu@https://registry.npmjs.org/@rollup/rollup-linux-x64-gnu/-/rollup-linux-x64-gnu-4.60.1.tgz 0ms (cache hit)
81 http cache @rolldown/pluginutils@https://registry.npmjs.org/@rolldown/pluginutils/-/pluginutils-1.0.0-rc.3.tgz 0ms (cache hit)
82 http cache @jridgewell/trace-mapping@https://registry.npmjs.org/@jridgewell/trace-mapping/-/trace-mapping-0.3.31.tgz 0ms (cache hit)
83 http cache @jridgewell/sourcemap-codec@https://registry.npmjs.org/@jridgewell/sourcemap-codec/-/sourcemap-codec-1.5.5.tgz 0ms (cache hit)
84 http cache @jridgewell/resolve-uri@https://registry.npmjs.org/@jridgewell/resolve-uri/-/resolve-uri-3.1.2.tgz 0ms (cache hit)
85 http cache @jridgewell/remapping@https://registry.npmjs.org/@jridgewell/remapping/-/remapping-2.3.5.tgz 0ms (cache hit)
86 http cache @jridgewell/gen-mapping@https://registry.npmjs.org/@jridgewell/gen-mapping/-/gen-mapping-0.3.13.tgz 0ms (cache hit)
87 http cache @esbuild/linux-x64@https://registry.npmjs.org/@esbuild/linux-x64/-/linux-x64-0.27.7.tgz 0ms (cache hit)
88 http cache @babel/types@https://registry.npmjs.org/@babel/types/-/types-7.29.0.tgz 0ms (cache hit)
89 http cache @babel/traverse@https://registry.npmjs.org/@babel/traverse/-/traverse-7.29.0.tgz 0ms (cache hit)
90 http cache @babel/template@https://registry.npmjs.org/@babel/template/-/template-7.28.6.tgz 0ms (cache hit)
91 http cache @babel/plugin-transform-react-jsx-source@https://registry.npmjs.org/@babel/plugin-transform-react-jsx-source/-/plugin-transform-react-jsx-source-7.27.1.tgz 0ms (cache hit)
92 http cache @babel/plugin-transform-react-jsx-self@https://registry.npmjs.org/@babel/plugin-transform-react-jsx-self/-/plugin-transform-react-jsx-self-7.27.1.tgz 0ms (cache hit)
93 http cache @babel/helpers@https://registry.npmjs.org/@babel/helpers/-/helpers-7.29.2.tgz 0ms (cache hit)
94 http cache @babel/parser@https://registry.npmjs.org/@babel/parser/-/parser-7.29.2.tgz 0ms (cache hit)
95 http cache @babel/helper-validator-option@https://registry.npmjs.org/@babel/helper-validator-option/-/helper-validator-option-7.27.1.tgz 0ms (cache hit)
96 http cache @babel/helper-string-parser@https://registry.npmjs.org/@babel/helper-string-parser/-/helper-string-parser-7.27.1.tgz 0ms (cache hit)
97 http cache @babel/helper-validator-identifier@https://registry.npmjs.org/@babel/helper-validator-identifier/-/helper-validator-identifier-7.28.5.tgz 0ms (cache hit)
98 http cache @babel/helper-plugin-utils@https://registry.npmjs.org/@babel/helper-plugin-utils/-/helper-plugin-utils-7.28.6.tgz 0ms (cache hit)
99 http cache @babel/helper-module-transforms@https://registry.npmjs.org/@babel/helper-module-transforms/-/helper-module-transforms-7.28.6.tgz 0ms (cache hit)
100 http cache @babel/helper-globals@https://registry.npmjs.org/@babel/helper-globals/-/helper-globals-7.28.0.tgz 0ms (cache hit)
101 http cache @babel/helper-compilation-targets@https://registry.npmjs.org/@babel/helper-compilation-targets/-/helper-compilation-targets-7.28.6.tgz 0ms (cache hit)
102 http cache @babel/core@https://registry.npmjs.org/@babel/core/-/core-7.29.0.tgz 0ms (cache hit)
103 http cache @babel/code-frame@https://registry.npmjs.org/@babel/code-frame/-/code-frame-7.29.0.tgz 0ms (cache hit)
104 http cache @babel/generator@https://registry.npmjs.org/@babel/generator/-/generator-7.29.1.tgz 0ms (cache hit)
105 http cache @babel/compat-data@https://registry.npmjs.org/@babel/compat-data/-/compat-data-7.29.0.tgz 0ms (cache hit)
106 http cache @babel/helper-module-imports@https://registry.npmjs.org/@babel/helper-module-imports/-/helper-module-imports-7.28.6.tgz 0ms (cache hit)
107 silly tarball no local data for yallist@https://registry.npmjs.org/yallist/-/yallist-3.1.1.tgz. Extracting by manifest.
108 silly tarball no local data for vite@https://registry.npmjs.org/vite/-/vite-7.3.2.tgz. Extracting by manifest.
109 silly tarball no local data for update-browserslist-db@https://registry.npmjs.org/update-browserslist-db/-/update-browserslist-db-1.2.3.tgz. Extracting by manifest.
110 silly tarball no local data for typescript@https://registry.npmjs.org/typescript/-/typescript-5.9.3.tgz. Extracting by manifest.
111 silly tarball no local data for tslib@https://registry.npmjs.org/tslib/-/tslib-2.8.1.tgz. Extracting by manifest.
112 silly tarball no local data for tinyglobby@https://registry.npmjs.org/tinyglobby/-/tinyglobby-0.2.16.tgz. Extracting by manifest.
113 silly tarball no local data for tapable@https://registry.npmjs.org/tapable/-/tapable-2.3.2.tgz. Extracting by manifest.
114 silly tarball no local data for tailwindcss@https://registry.npmjs.org/tailwindcss/-/tailwindcss-4.2.2.tgz. Extracting by manifest.
115 silly tarball no local data for semver@https://registry.npmjs.org/semver/-/semver-6.3.1.tgz. Extracting by manifest.
116 silly tarball no local data for source-map-js@https://registry.npmjs.org/source-map-js/-/source-map-js-1.2.1.tgz. Extracting by manifest.
117 silly tarball no local data for scheduler@https://registry.npmjs.org/scheduler/-/scheduler-0.27.0.tgz. Extracting by manifest.
118 silly tarball no local data for rollup@https://registry.npmjs.org/rollup/-/rollup-4.60.1.tgz. Extracting by manifest.
119 silly tarball no local data for react-refresh@https://registry.npmjs.org/react-refresh/-/react-refresh-0.18.0.tgz. Extracting by manifest.
120 silly tarball no local data for react-icons@https://registry.npmjs.org/react-icons/-/react-icons-5.6.0.tgz. Extracting by manifest.
121 silly tarball no local data for react-dom@https://registry.npmjs.org/react-dom/-/react-dom-19.2.5.tgz. Extracting by manifest.
122 silly tarball no local data for react@https://registry.npmjs.org/react/-/react-19.2.5.tgz. Extracting by manifest.
123 silly tarball no local data for postcss@https://registry.npmjs.org/postcss/-/postcss-8.5.9.tgz. Extracting by manifest.
124 silly tarball no local data for picomatch@https://registry.npmjs.org/picomatch/-/picomatch-4.0.4.tgz. Extracting by manifest.
125 silly tarball no local data for picocolors@https://registry.npmjs.org/picocolors/-/picocolors-1.1.1.tgz. Extracting by manifest.
126 silly tarball no local data for node-releases@https://registry.npmjs.org/node-releases/-/node-releases-2.0.37.tgz. Extracting by manifest.
127 silly tarball no local data for nanoid@https://registry.npmjs.org/nanoid/-/nanoid-3.3.11.tgz. Extracting by manifest.
128 silly tarball no local data for motion-utils@https://registry.npmjs.org/motion-utils/-/motion-utils-12.36.0.tgz. Extracting by manifest.
129 silly tarball no local data for ms@https://registry.npmjs.org/ms/-/ms-2.1.3.tgz. Extracting by manifest.
130 silly tarball no local data for motion-dom@https://registry.npmjs.org/motion-dom/-/motion-dom-12.38.0.tgz. Extracting by manifest.
131 silly tarball no local data for lightningcss-linux-x64-gnu@https://registry.npmjs.org/lightningcss-linux-x64-gnu/-/lightningcss-linux-x64-gnu-1.32.0.tgz. Extracting by manifest.
132 silly tarball no local data for lru-cache@https://registry.npmjs.org/lru-cache/-/lru-cache-5.1.1.tgz. Extracting by manifest.
133 silly tarball no local data for magic-string@https://registry.npmjs.org/magic-string/-/magic-string-0.30.21.tgz. Extracting by manifest.
134 silly tarball no local data for lightningcss@https://registry.npmjs.org/lightningcss/-/lightningcss-1.32.0.tgz. Extracting by manifest.
135 silly tarball no local data for json5@https://registry.npmjs.org/json5/-/json5-2.2.3.tgz. Extracting by manifest.
136 silly tarball no local data for jsesc@https://registry.npmjs.org/jsesc/-/jsesc-3.1.0.tgz. Extracting by manifest.
137 silly tarball no local data for js-tokens@https://registry.npmjs.org/js-tokens/-/js-tokens-4.0.0.tgz. Extracting by manifest.
138 silly tarball no local data for jiti@https://registry.npmjs.org/jiti/-/jiti-2.6.1.tgz. Extracting by manifest.
139 silly tarball no local data for graceful-fs@https://registry.npmjs.org/graceful-fs/-/graceful-fs-4.2.11.tgz. Extracting by manifest.
140 silly tarball no local data for gensync@https://registry.npmjs.org/gensync/-/gensync-1.0.0-beta.2.tgz. Extracting by manifest.
141 silly tarball no local data for framer-motion@https://registry.npmjs.org/framer-motion/-/framer-motion-12.38.0.tgz. Extracting by manifest.
142 silly tarball no local data for fdir@https://registry.npmjs.org/fdir/-/fdir-6.5.0.tgz. Extracting by manifest.
143 silly tarball no local data for escalade@https://registry.npmjs.org/escalade/-/escalade-3.2.0.tgz. Extracting by manifest.
144 silly tarball no local data for esbuild@https://registry.npmjs.org/esbuild/-/esbuild-0.27.7.tgz. Extracting by manifest.
145 silly tarball no local data for enhanced-resolve@https://registry.npmjs.org/enhanced-resolve/-/enhanced-resolve-5.20.1.tgz. Extracting by manifest.
146 silly tarball no local data for electron-to-chromium@https://registry.npmjs.org/electron-to-chromium/-/electron-to-chromium-1.5.334.tgz. Extracting by manifest.
147 silly tarball no local data for detect-libc@https://registry.npmjs.org/detect-libc/-/detect-libc-2.1.2.tgz. Extracting by manifest.
148 silly tarball no local data for debug@https://registry.npmjs.org/debug/-/debug-4.4.3.tgz. Extracting by manifest.
149 silly tarball no local data for csstype@https://registry.npmjs.org/csstype/-/csstype-3.2.3.tgz. Extracting by manifest.
150 silly tarball no local data for clsx@https://registry.npmjs.org/clsx/-/clsx-2.1.1.tgz. Extracting by manifest.
151 silly tarball no local data for convert-source-map@https://registry.npmjs.org/convert-source-map/-/convert-source-map-2.0.0.tgz. Extracting by manifest.
152 silly tarball no local data for caniuse-lite@https://registry.npmjs.org/caniuse-lite/-/caniuse-lite-1.0.30001787.tgz. Extracting by manifest.
153 silly tarball no local data for browserslist@https://registry.npmjs.org/browserslist/-/browserslist-4.28.2.tgz. Extracting by manifest.
154 silly tarball no local data for @vitejs/plugin-react@https://registry.npmjs.org/@vitejs/plugin-react/-/plugin-react-5.2.0.tgz. Extracting by manifest.
155 silly tarball no local data for baseline-browser-mapping@https://registry.npmjs.org/baseline-browser-mapping/-/baseline-browser-mapping-2.10.16.tgz. Extracting by manifest.
156 silly tarball no local data for @types/react-dom@https://registry.npmjs.org/@types/react-dom/-/react-dom-19.2.3.tgz. Extracting by manifest.
157 silly tarball no local data for @types/react@https://registry.npmjs.org/@types/react/-/react-19.2.14.tgz. Extracting by manifest.
158 silly tarball no local data for @types/estree@https://registry.npmjs.org/@types/estree/-/estree-1.0.8.tgz. Extracting by manifest.
159 silly tarball no local data for @types/babel__traverse@https://registry.npmjs.org/@types/babel__traverse/-/babel__traverse-7.28.0.tgz. Extracting by manifest.
160 silly tarball no local data for @types/babel__template@https://registry.npmjs.org/@types/babel__template/-/babel__template-7.4.4.tgz. Extracting by manifest.
161 silly tarball no local data for @types/babel__generator@https://registry.npmjs.org/@types/babel__generator/-/babel__generator-7.27.0.tgz. Extracting by manifest.
162 silly tarball no local data for @types/babel__core@https://registry.npmjs.org/@types/babel__core/-/babel__core-7.20.5.tgz. Extracting by manifest.
163 silly tarball no local data for @tauri-apps/cli-linux-x64-gnu@https://registry.npmjs.org/@tauri-apps/cli-linux-x64-gnu/-/cli-linux-x64-gnu-2.10.1.tgz. Extracting by manifest.
164 silly tarball no local data for @tauri-apps/cli@https://registry.npmjs.org/@tauri-apps/cli/-/cli-2.10.1.tgz. Extracting by manifest.
165 silly tarball no local data for @tauri-apps/api@https://registry.npmjs.org/@tauri-apps/api/-/api-2.10.1.tgz. Extracting by manifest.
166 silly tarball no local data for @tailwindcss/vite@https://registry.npmjs.org/@tailwindcss/vite/-/vite-4.2.2.tgz. Extracting by manifest.
167 silly tarball no local data for @tailwindcss/oxide@https://registry.npmjs.org/@tailwindcss/oxide/-/oxide-4.2.2.tgz. Extracting by manifest.
168 silly tarball no local data for @tailwindcss/oxide-linux-x64-gnu@https://registry.npmjs.org/@tailwindcss/oxide-linux-x64-gnu/-/oxide-linux-x64-gnu-4.2.2.tgz. Extracting by manifest.
169 silly tarball no local data for @tailwindcss/node@https://registry.npmjs.org/@tailwindcss/node/-/node-4.2.2.tgz. Extracting by manifest.
170 silly tarball no local data for @rollup/rollup-linux-x64-gnu@https://registry.npmjs.org/@rollup/rollup-linux-x64-gnu/-/rollup-linux-x64-gnu-4.60.1.tgz. Extracting by manifest.
171 silly tarball no local data for @rolldown/pluginutils@https://registry.npmjs.org/@rolldown/pluginutils/-/pluginutils-1.0.0-rc.3.tgz. Extracting by manifest.
172 silly tarball no local data for @jridgewell/trace-mapping@https://registry.npmjs.org/@jridgewell/trace-mapping/-/trace-mapping-0.3.31.tgz. Extracting by manifest.
173 silly tarball no local data for @jridgewell/sourcemap-codec@https://registry.npmjs.org/@jridgewell/sourcemap-codec/-/sourcemap-codec-1.5.5.tgz. Extracting by manifest.
174 silly tarball no local data for @jridgewell/resolve-uri@https://registry.npmjs.org/@jridgewell/resolve-uri/-/resolve-uri-3.1.2.tgz. Extracting by manifest.
175 silly tarball no local data for @jridgewell/remapping@https://registry.npmjs.org/@jridgewell/remapping/-/remapping-2.3.5.tgz. Extracting by manifest.
176 silly tarball no local data for @jridgewell/gen-mapping@https://registry.npmjs.org/@jridgewell/gen-mapping/-/gen-mapping-0.3.13.tgz. Extracting by manifest.
177 silly tarball no local data for @esbuild/linux-x64@https://registry.npmjs.org/@esbuild/linux-x64/-/linux-x64-0.27.7.tgz. Extracting by manifest.
178 silly tarball no local data for @babel/types@https://registry.npmjs.org/@babel/types/-/types-7.29.0.tgz. Extracting by manifest.
179 silly tarball no local data for @babel/traverse@https://registry.npmjs.org/@babel/traverse/-/traverse-7.29.0.tgz. Extracting by manifest.
180 silly tarball no local data for @babel/template@https://registry.npmjs.org/@babel/template/-/template-7.28.6.tgz. Extracting by manifest.
181 silly tarball no local data for @babel/plugin-transform-react-jsx-source@https://registry.npmjs.org/@babel/plugin-transform-react-jsx-source/-/plugin-transform-react-jsx-source-7.27.1.tgz. Extracting by manifest.
182 silly tarball no local data for @babel/plugin-transform-react-jsx-self@https://registry.npmjs.org/@babel/plugin-transform-react-jsx-self/-/plugin-transform-react-jsx-self-7.27.1.tgz. Extracting by manifest.
183 silly tarball no local data for @babel/helpers@https://registry.npmjs.org/@babel/helpers/-/helpers-7.29.2.tgz. Extracting by manifest.
184 silly tarball no local data for @babel/parser@https://registry.npmjs.org/@babel/parser/-/parser-7.29.2.tgz. Extracting by manifest.
185 silly tarball no local data for @babel/helper-validator-option@https://registry.npmjs.org/@babel/helper-validator-option/-/helper-validator-option-7.27.1.tgz. Extracting by manifest.
186 silly tarball no local data for @babel/helper-string-parser@https://registry.npmjs.org/@babel/helper-string-parser/-/helper-string-parser-7.27.1.tgz. Extracting by manifest.
187 silly tarball no local data for @babel/helper-validator-identifier@https://registry.npmjs.org/@babel/helper-validator-identifier/-/helper-validator-identifier-7.28.5.tgz. Extracting by manifest.
188 silly tarball no local data for @babel/helper-plugin-utils@https://registry.npmjs.org/@babel/helper-plugin-utils/-/helper-plugin-utils-7.28.6.tgz. Extracting by manifest.
189 silly tarball no local data for @babel/helper-module-transforms@https://registry.npmjs.org/@babel/helper-module-transforms/-/helper-module-transforms-7.28.6.tgz. Extracting by manifest.
190 silly tarball no local data for @babel/helper-globals@https://registry.npmjs.org/@babel/helper-globals/-/helper-globals-7.28.0.tgz. Extracting by manifest.
191 silly tarball no local data for @babel/helper-compilation-targets@https://registry.npmjs.org/@babel/helper-compilation-targets/-/helper-compilation-targets-7.28.6.tgz. Extracting by manifest.
192 silly tarball no local data for @babel/core@https://registry.npmjs.org/@babel/core/-/core-7.29.0.tgz. Extracting by manifest.
193 silly tarball no local data for @babel/code-frame@https://registry.npmjs.org/@babel/code-frame/-/code-frame-7.29.0.tgz. Extracting by manifest.
194 silly tarball no local data for @babel/generator@https://registry.npmjs.org/@babel/generator/-/generator-7.29.1.tgz. Extracting by manifest.
195 silly tarball no local data for @babel/compat-data@https://registry.npmjs.org/@babel/compat-data/-/compat-data-7.29.0.tgz. Extracting by manifest.
196 silly tarball no local data for @babel/helper-module-imports@https://registry.npmjs.org/@babel/helper-module-imports/-/helper-module-imports-7.28.6.tgz. Extracting by manifest.
197 http fetch GET 200 https://registry.npmjs.org/npm 378ms
198 http fetch GET 200 https://registry.npmjs.org/update-browserslist-db/-/update-browserslist-db-1.2.3.tgz 280ms (cache miss)
199 http fetch GET 200 https://registry.npmjs.org/tinyglobby/-/tinyglobby-0.2.16.tgz 280ms (cache miss)
200 http fetch GET 200 https://registry.npmjs.org/react-refresh/-/react-refresh-0.18.0.tgz 299ms (cache miss)
201 http fetch GET 200 https://registry.npmjs.org/scheduler/-/scheduler-0.27.0.tgz 327ms (cache miss)
202 http fetch POST 200 https://registry.npmjs.org/-/npm/v1/security/advisories/bulk 404ms
203 silly audit report {}
204 http fetch GET 200 https://registry.npmjs.org/semver/-/semver-6.3.1.tgz 350ms (cache miss)
205 http fetch GET 200 https://registry.npmjs.org/yallist/-/yallist-3.1.1.tgz 361ms (cache miss)
206 http fetch GET 200 https://registry.npmjs.org/tslib/-/tslib-2.8.1.tgz 361ms (cache miss)
207 http fetch GET 200 https://registry.npmjs.org/picocolors/-/picocolors-1.1.1.tgz 406ms (cache miss)
208 http fetch GET 200 https://registry.npmjs.org/node-releases/-/node-releases-2.0.37.tgz 424ms (cache miss)
209 http fetch GET 200 https://registry.npmjs.org/tapable/-/tapable-2.3.2.tgz 441ms (cache miss)
210 http fetch GET 200 https://registry.npmjs.org/ms/-/ms-2.1.3.tgz 438ms (cache miss)
211 http fetch GET 200 https://registry.npmjs.org/lru-cache/-/lru-cache-5.1.1.tgz 475ms (cache miss)
212 http fetch GET 200 https://registry.npmjs.org/jsesc/-/jsesc-3.1.0.tgz 482ms (cache miss)
213 http fetch GET 200 https://registry.npmjs.org/graceful-fs/-/graceful-fs-4.2.11.tgz 497ms (cache miss)
214 http fetch GET 200 https://registry.npmjs.org/picomatch/-/picomatch-4.0.4.tgz 508ms (cache miss)
215 http fetch GET 200 https://registry.npmjs.org/js-tokens/-/js-tokens-4.0.0.tgz 510ms (cache miss)
216 http fetch GET 200 https://registry.npmjs.org/fdir/-/fdir-6.5.0.tgz 528ms (cache miss)
217 http fetch GET 200 https://registry.npmjs.org/gensync/-/gensync-1.0.0-beta.2.tgz 534ms (cache miss)
218 http fetch GET 200 https://registry.npmjs.org/escalade/-/escalade-3.2.0.tgz 542ms (cache miss)
219 http fetch GET 200 https://registry.npmjs.org/nanoid/-/nanoid-3.3.11.tgz 557ms (cache miss)
220 http fetch GET 200 https://registry.npmjs.org/detect-libc/-/detect-libc-2.1.2.tgz 562ms (cache miss)
221 http fetch GET 200 https://registry.npmjs.org/source-map-js/-/source-map-js-1.2.1.tgz 582ms (cache miss)
222 http fetch GET 200 https://registry.npmjs.org/esbuild/-/esbuild-0.27.7.tgz 599ms (cache miss)
223 http fetch GET 200 https://registry.npmjs.org/electron-to-chromium/-/electron-to-chromium-1.5.334.tgz 603ms (cache miss)
224 http fetch GET 200 https://registry.npmjs.org/debug/-/debug-4.4.3.tgz 608ms (cache miss)
225 http fetch GET 200 https://registry.npmjs.org/clsx/-/clsx-2.1.1.tgz 611ms (cache miss)
226 http fetch GET 200 https://registry.npmjs.org/react/-/react-19.2.5.tgz 628ms (cache miss)
227 http fetch GET 200 https://registry.npmjs.org/json5/-/json5-2.2.3.tgz 663ms (cache miss)
228 http fetch GET 200 https://registry.npmjs.org/magic-string/-/magic-string-0.30.21.tgz 668ms (cache miss)
229 http fetch GET 200 https://registry.npmjs.org/convert-source-map/-/convert-source-map-2.0.0.tgz 665ms (cache miss)
230 http fetch GET 200 https://registry.npmjs.org/lightningcss/-/lightningcss-1.32.0.tgz 711ms (cache miss)
231 http fetch GET 200 https://registry.npmjs.org/@vitejs/plugin-react/-/plugin-react-5.2.0.tgz 715ms (cache miss)
232 http fetch GET 200 https://registry.npmjs.org/browserslist/-/browserslist-4.28.2.tgz 737ms (cache miss)
233 http fetch GET 200 https://registry.npmjs.org/@types/react-dom/-/react-dom-19.2.3.tgz 736ms (cache miss)
234 http fetch GET 200 https://registry.npmjs.org/tailwindcss/-/tailwindcss-4.2.2.tgz 759ms (cache miss)
235 http fetch GET 200 https://registry.npmjs.org/baseline-browser-mapping/-/baseline-browser-mapping-2.10.16.tgz 772ms (cache miss)
236 http fetch GET 200 https://registry.npmjs.org/@types/babel__traverse/-/babel__traverse-7.28.0.tgz 777ms (cache miss)
237 http fetch GET 200 https://registry.npmjs.org/postcss/-/postcss-8.5.9.tgz 802ms (cache miss)
238 http fetch GET 200 https://registry.npmjs.org/@types/react/-/react-19.2.14.tgz 813ms (cache miss)
239 http fetch GET 200 https://registry.npmjs.org/@types/babel__template/-/babel__template-7.4.4.tgz 819ms (cache miss)
240 http fetch GET 200 https://registry.npmjs.org/@types/babel__generator/-/babel__generator-7.27.0.tgz 823ms (cache miss)
241 http fetch GET 200 https://registry.npmjs.org/@types/babel__core/-/babel__core-7.20.5.tgz 824ms (cache miss)
242 http fetch GET 200 https://registry.npmjs.org/enhanced-resolve/-/enhanced-resolve-5.20.1.tgz 865ms (cache miss)
243 http fetch GET 200 https://registry.npmjs.org/jiti/-/jiti-2.6.1.tgz 876ms (cache miss)
244 http fetch GET 200 https://registry.npmjs.org/rollup/-/rollup-4.60.1.tgz 947ms (cache miss)
245 http fetch GET 200 https://registry.npmjs.org/@types/estree/-/estree-1.0.8.tgz 928ms (cache miss)
246 http fetch GET 200 https://registry.npmjs.org/vite/-/vite-7.3.2.tgz 955ms (cache miss)
247 http fetch GET 200 https://registry.npmjs.org/@tauri-apps/cli/-/cli-2.10.1.tgz 944ms (cache miss)
248 http fetch GET 200 https://registry.npmjs.org/@tailwindcss/vite/-/vite-4.2.2.tgz 946ms (cache miss)
249 http fetch GET 200 https://registry.npmjs.org/csstype/-/csstype-3.2.3.tgz 996ms (cache miss)
250 http fetch GET 200 https://registry.npmjs.org/@tailwindcss/node/-/node-4.2.2.tgz 1009ms (cache miss)
251 http fetch GET 200 https://registry.npmjs.org/@rolldown/pluginutils/-/pluginutils-1.0.0-rc.3.tgz 1058ms (cache miss)
252 http fetch GET 200 https://registry.npmjs.org/motion-utils/-/motion-utils-12.36.0.tgz 1093ms (cache miss)
253 http fetch GET 200 https://registry.npmjs.org/@tailwindcss/oxide/-/oxide-4.2.2.tgz 1112ms (cache miss)
254 http fetch GET 200 https://registry.npmjs.org/@jridgewell/remapping/-/remapping-2.3.5.tgz 1105ms (cache miss)
255 http fetch GET 200 https://registry.npmjs.org/@jridgewell/resolve-uri/-/resolve-uri-3.1.2.tgz 1108ms (cache miss)
256 http fetch GET 200 https://registry.npmjs.org/@babel/plugin-transform-react-jsx-self/-/plugin-transform-react-jsx-self-7.27.1.tgz 1165ms (cache miss)
257 http fetch GET 200 https://registry.npmjs.org/@babel/plugin-transform-react-jsx-source/-/plugin-transform-react-jsx-source-7.27.1.tgz 1172ms (cache miss)
258 http fetch GET 200 https://registry.npmjs.org/@jridgewell/sourcemap-codec/-/sourcemap-codec-1.5.5.tgz 1198ms (cache miss)
259 http fetch GET 200 https://registry.npmjs.org/@tauri-apps/api/-/api-2.10.1.tgz 1207ms (cache miss)
260 http fetch GET 200 https://registry.npmjs.org/@babel/template/-/template-7.28.6.tgz 1221ms (cache miss)
261 http fetch GET 200 https://registry.npmjs.org/@babel/helper-validator-option/-/helper-validator-option-7.27.1.tgz 1233ms (cache miss)
262 http fetch GET 200 https://registry.npmjs.org/@jridgewell/gen-mapping/-/gen-mapping-0.3.13.tgz 1245ms (cache miss)
263 http fetch GET 200 https://registry.npmjs.org/@jridgewell/trace-mapping/-/trace-mapping-0.3.31.tgz 1278ms (cache miss)
264 http fetch GET 200 https://registry.npmjs.org/@babel/helper-globals/-/helper-globals-7.28.0.tgz 1300ms (cache miss)
265 http fetch GET 200 https://registry.npmjs.org/react-dom/-/react-dom-19.2.5.tgz 1355ms (cache miss)
266 http fetch GET 200 https://registry.npmjs.org/@rollup/rollup-linux-x64-gnu/-/rollup-linux-x64-gnu-4.60.1.tgz 1337ms (cache miss)
267 http fetch GET 200 https://registry.npmjs.org/@babel/helper-module-transforms/-/helper-module-transforms-7.28.6.tgz 1357ms (cache miss)
268 http fetch GET 200 https://registry.npmjs.org/@babel/code-frame/-/code-frame-7.29.0.tgz 1402ms (cache miss)
269 http fetch GET 200 https://registry.npmjs.org/@babel/traverse/-/traverse-7.29.0.tgz 1460ms (cache miss)
270 http fetch GET 200 https://registry.npmjs.org/@babel/helper-validator-identifier/-/helper-validator-identifier-7.28.5.tgz 1466ms (cache miss)
271 http fetch GET 200 https://registry.npmjs.org/@babel/helper-string-parser/-/helper-string-parser-7.27.1.tgz 1518ms (cache miss)
272 http fetch GET 200 https://registry.npmjs.org/@babel/helper-plugin-utils/-/helper-plugin-utils-7.28.6.tgz 1524ms (cache miss)
273 http fetch GET 200 https://registry.npmjs.org/@babel/compat-data/-/compat-data-7.29.0.tgz 1546ms (cache miss)
274 http fetch GET 200 https://registry.npmjs.org/@babel/helper-module-imports/-/helper-module-imports-7.28.6.tgz 1560ms (cache miss)
275 http fetch GET 200 https://registry.npmjs.org/@babel/helper-compilation-targets/-/helper-compilation-targets-7.28.6.tgz 1642ms (cache miss)
276 http fetch GET 200 https://registry.npmjs.org/@babel/generator/-/generator-7.29.1.tgz 1643ms (cache miss)
277 http fetch GET 200 https://registry.npmjs.org/@tailwindcss/oxide-linux-x64-gnu/-/oxide-linux-x64-gnu-4.2.2.tgz 1909ms (cache miss)
278 http fetch GET 200 https://registry.npmjs.org/@babel/core/-/core-7.29.0.tgz 1947ms (cache miss)
279 http fetch GET 200 https://registry.npmjs.org/@esbuild/linux-x64/-/linux-x64-0.27.7.tgz 1970ms (cache miss)
280 http fetch GET 200 https://registry.npmjs.org/@babel/types/-/types-7.29.0.tgz 1989ms (cache miss)
281 http fetch GET 200 https://registry.npmjs.org/@babel/parser/-/parser-7.29.2.tgz 1994ms (cache miss)
282 http fetch GET 200 https://registry.npmjs.org/@babel/helpers/-/helpers-7.29.2.tgz 2057ms (cache miss)
283 http fetch GET 200 https://registry.npmjs.org/typescript/-/typescript-5.9.3.tgz 2452ms (cache miss)
284 http fetch GET 200 https://registry.npmjs.org/framer-motion/-/framer-motion-12.38.0.tgz 2520ms (cache miss)
285 http fetch GET 200 https://registry.npmjs.org/motion-dom/-/motion-dom-12.38.0.tgz 2638ms (cache miss)
286 http fetch GET 200 https://registry.npmjs.org/caniuse-lite/-/caniuse-lite-1.0.30001787.tgz 2652ms (cache miss)
287 http fetch GET 200 https://registry.npmjs.org/lightningcss-linux-x64-gnu/-/lightningcss-linux-x64-gnu-1.32.0.tgz 2998ms (cache miss)
288 http fetch GET 200 https://registry.npmjs.org/@tauri-apps/cli-linux-x64-gnu/-/cli-linux-x64-gnu-2.10.1.tgz 3125ms (cache miss)
289 http fetch GET 200 https://registry.npmjs.org/react-icons/-/react-icons-5.6.0.tgz 4165ms (cache miss)
290 info run esbuild@0.27.7 postinstall node_modules/esbuild node install.js
291 info run esbuild@0.27.7 postinstall { code: 0, signal: null }
292 silly ADD node_modules/yallist
293 silly ADD node_modules/vite
294 silly ADD node_modules/update-browserslist-db
295 silly ADD node_modules/typescript
296 silly ADD node_modules/tslib
297 silly ADD node_modules/tinyglobby
298 silly ADD node_modules/tapable
299 silly ADD node_modules/tailwindcss
300 silly ADD node_modules/source-map-js
301 silly ADD node_modules/semver
302 silly ADD node_modules/scheduler
303 silly ADD node_modules/rollup
304 silly ADD node_modules/react-refresh
305 silly ADD node_modules/react-icons
306 silly ADD node_modules/react-dom
307 silly ADD node_modules/react
308 silly ADD node_modules/postcss
309 silly ADD node_modules/picomatch
310 silly ADD node_modules/picocolors
311 silly ADD node_modules/node-releases
312 silly ADD node_modules/nanoid
313 silly ADD node_modules/ms
314 silly ADD node_modules/motion-utils
315 silly ADD node_modules/motion-dom
316 silly ADD node_modules/magic-string
317 silly ADD node_modules/lru-cache
318 silly ADD node_modules/lightningcss-linux-x64-gnu
319 silly ADD node_modules/lightningcss
320 silly ADD node_modules/json5
321 silly ADD node_modules/jsesc
322 silly ADD node_modules/js-tokens
323 silly ADD node_modules/jiti
324 silly ADD node_modules/graceful-fs
325 silly ADD node_modules/gensync
326 silly ADD node_modules/framer-motion
327 silly ADD node_modules/fdir
328 silly ADD node_modules/escalade
329 silly ADD node_modules/esbuild
330 silly ADD node_modules/enhanced-resolve
331 silly ADD node_modules/electron-to-chromium
332 silly ADD node_modules/detect-libc
333 silly ADD node_modules/debug
334 silly ADD node_modules/csstype
335 silly ADD node_modules/convert-source-map
336 silly ADD node_modules/clsx
337 silly ADD node_modules/caniuse-lite
338 silly ADD node_modules/browserslist
339 silly ADD node_modules/baseline-browser-mapping
340 silly ADD node_modules/@vitejs/plugin-react
341 silly ADD node_modules/@types/react-dom
342 silly ADD node_modules/@types/react
343 silly ADD node_modules/@types/estree
344 silly ADD node_modules/@types/babel__traverse
345 silly ADD node_modules/@types/babel__template
346 silly ADD node_modules/@types/babel__generator
347 silly ADD node_modules/@types/babel__core
348 silly ADD node_modules/@tauri-apps/cli-linux-x64-gnu
349 silly ADD node_modules/@tauri-apps/cli
350 silly ADD node_modules/@tauri-apps/api
351 silly ADD node_modules/@tailwindcss/vite
352 silly ADD node_modules/@tailwindcss/oxide-linux-x64-gnu
353 silly ADD node_modules/@tailwindcss/oxide
354 silly ADD node_modules/@tailwindcss/node
355 silly ADD node_modules/@rollup/rollup-linux-x64-gnu
356 silly ADD node_modules/@rolldown/pluginutils
357 silly ADD node_modules/@jridgewell/trace-mapping
358 silly ADD node_modules/@jridgewell/sourcemap-codec
359 silly ADD node_modules/@jridgewell/resolve-uri
360 silly ADD node_modules/@jridgewell/remapping
361 silly ADD node_modules/@jridgewell/gen-mapping
362 silly ADD node_modules/@esbuild/linux-x64
363 silly ADD node_modules/@babel/types
364 silly ADD node_modules/@babel/traverse
365 silly ADD node_modules/@babel/template
366 silly ADD node_modules/@babel/plugin-transform-react-jsx-source
367 silly ADD node_modules/@babel/plugin-transform-react-jsx-self
368 silly ADD node_modules/@babel/parser
369 silly ADD node_modules/@babel/helpers
370 silly ADD node_modules/@babel/helper-validator-option
371 silly ADD node_modules/@babel/helper-validator-identifier
372 silly ADD node_modules/@babel/helper-string-parser
373 silly ADD node_modules/@babel/helper-plugin-utils
374 silly ADD node_modules/@babel/helper-module-transforms
375 silly ADD node_modules/@babel/helper-module-imports
376 silly ADD node_modules/@babel/helper-globals
377 silly ADD node_modules/@babel/helper-compilation-targets
378 silly ADD node_modules/@babel/generator
379 silly ADD node_modules/@babel/core
380 silly ADD node_modules/@babel/compat-data
381 silly ADD node_modules/@babel/code-frame
382 verbose cwd /home/chris/Documents/GitHub/mldc/packaging/cachyos/src/mldc-0.1.0
383 verbose os Linux 6.19.7-1-cachyos
384 verbose node v25.7.0
385 verbose npm  v11.11.1
386 notice
386 notice New minor version of npm available! 11.11.1 -> 11.12.1
386 notice Changelog: https://github.com/npm/cli/releases/tag/v11.12.1
386 notice To update run: npm install -g npm@11.12.1
386 notice  { force: true, Symbol(proc-log.meta): true }
387 verbose exit 0
388 info ok
